<?xml version="1.0" encoding="UTF-8"?>
<!-- Generated by org.testng.reporters.JUnitReportReporter -->
<testsuite hostname="MSI" failures="0" tests="2" name="com.innosabi.e2e.tests.InnovationChallengeTest" time="104.749" errors="0" timestamp="2021-05-14T02:47:54 IST" skipped="0">
  <testcase classname="com.innosabi.e2e.tests.InnovationChallengeTest" name="createIdeaTest" time="67.726"/>
  <system-out/>
  <testcase classname="com.innosabi.e2e.tests.InnovationChallengeTest" name="submitCommentTest" time="37.023"/>
  <system-out/>
</testsuite> <!-- com.innosabi.e2e.tests.InnovationChallengeTest -->
