<?xml version="1.0" encoding="UTF-8"?>
<!-- Generated by org.testng.reporters.JUnitReportReporter -->
<testsuite hostname="MSI" failures="0" tests="2" name="com.innosabi.e2e.tests.InnovationChallengeTest" time="80.423" errors="0" timestamp="2021-05-14T02:02:54 IST" skipped="0">
  <testcase classname="com.innosabi.e2e.tests.InnovationChallengeTest" name="submitCommentTest" time="38.817"/>
  <system-out/>
  <testcase classname="com.innosabi.e2e.tests.InnovationChallengeTest" name="createIdeaTest" time="41.606"/>
  <system-out/>
</testsuite> <!-- com.innosabi.e2e.tests.InnovationChallengeTest -->
